<?xml version="1.0" encoding="UTF-8"?>
<!-- Generated by org.testng.reporters.JUnitXMLReporter -->
<testsuite ignored="0" hostname="graycelltech" failures="0" tests="32" name="Regression1" time="0.326" errors="0" timestamp="2022-05-25T11:44:09 IST">
  <testcase classname="com.testScripts.BaseClass" name="@BeforeClass openApplication" time="0.053">
    <failure type="java.lang.IllegalStateException" message="The path to the driver executable must be set by the webdriver.edge.driver system property; for more information, see https://github.com/SeleniumHQ/selenium/wiki/MicrosoftWebDriver. The latest version can be downloaded from http://go.microsoft.com/fwlink/?LinkId=619687">
      <![CDATA[java.lang.IllegalStateException: The path to the driver executable must be set by the webdriver.edge.driver system property; for more information, see https://github.com/SeleniumHQ/selenium/wiki/MicrosoftWebDriver. The latest version can be downloaded from http://go.microsoft.com/fwlink/?LinkId=619687
at com.google.common.base.Preconditions.checkState(Preconditions.java:847)
at org.openqa.selenium.remote.service.DriverService.findExecutable(DriverService.java:134)
at org.openqa.selenium.edge.EdgeDriverService.access$000(EdgeDriverService.java:37)
at org.openqa.selenium.edge.EdgeDriverService$Builder.findDefaultExecutable(EdgeDriverService.java:90)
at org.openqa.selenium.remote.service.DriverService$Builder.build(DriverService.java:355)
at org.openqa.selenium.edge.EdgeDriverService.createDefaultService(EdgeDriverService.java:70)
at org.openqa.selenium.edge.EdgeDriver.<init>(EdgeDriver.java:96)
at com.testScripts.BaseClass.openApplication(BaseClass.java:52)
at java.base/java.util.ArrayList.forEach(ArrayList.java:1511)
... Removed 25 stack frames]]>
    </failure>
  </testcase> <!-- @BeforeClass openApplication -->
  <testcase classname="com.testScripts.BaseClass" name="@AfterClass teraDown" time="-1.653459249034E9">
    <skipped/>
  </testcase> <!-- @AfterClass teraDown -->
  <testcase classname="com.testScripts.BaseClass" name="@BeforeClass openApplication" time="0.002">
    <failure type="java.lang.IllegalStateException" message="The path to the driver executable must be set by the webdriver.edge.driver system property; for more information, see https://github.com/SeleniumHQ/selenium/wiki/MicrosoftWebDriver. The latest version can be downloaded from http://go.microsoft.com/fwlink/?LinkId=619687">
      <![CDATA[java.lang.IllegalStateException: The path to the driver executable must be set by the webdriver.edge.driver system property; for more information, see https://github.com/SeleniumHQ/selenium/wiki/MicrosoftWebDriver. The latest version can be downloaded from http://go.microsoft.com/fwlink/?LinkId=619687
at com.google.common.base.Preconditions.checkState(Preconditions.java:847)
at org.openqa.selenium.remote.service.DriverService.findExecutable(DriverService.java:134)
at org.openqa.selenium.edge.EdgeDriverService.access$000(EdgeDriverService.java:37)
at org.openqa.selenium.edge.EdgeDriverService$Builder.findDefaultExecutable(EdgeDriverService.java:90)
at org.openqa.selenium.remote.service.DriverService$Builder.build(DriverService.java:355)
at org.openqa.selenium.edge.EdgeDriverService.createDefaultService(EdgeDriverService.java:70)
at org.openqa.selenium.edge.EdgeDriver.<init>(EdgeDriver.java:96)
at com.testScripts.BaseClass.openApplication(BaseClass.java:52)
at java.base/java.util.ArrayList.forEach(ArrayList.java:1511)
... Removed 25 stack frames]]>
    </failure>
  </testcase> <!-- @BeforeClass openApplication -->
  <testcase classname="com.testScripts.BaseClass" name="@AfterClass teraDown" time="-1.653459249045E9">
    <skipped/>
  </testcase> <!-- @AfterClass teraDown -->
  <testcase classname="com.testScripts.BaseClass" name="@BeforeClass openApplication" time="0.002">
    <failure type="java.lang.IllegalStateException" message="The path to the driver executable must be set by the webdriver.edge.driver system property; for more information, see https://github.com/SeleniumHQ/selenium/wiki/MicrosoftWebDriver. The latest version can be downloaded from http://go.microsoft.com/fwlink/?LinkId=619687">
      <![CDATA[java.lang.IllegalStateException: The path to the driver executable must be set by the webdriver.edge.driver system property; for more information, see https://github.com/SeleniumHQ/selenium/wiki/MicrosoftWebDriver. The latest version can be downloaded from http://go.microsoft.com/fwlink/?LinkId=619687
at com.google.common.base.Preconditions.checkState(Preconditions.java:847)
at org.openqa.selenium.remote.service.DriverService.findExecutable(DriverService.java:134)
at org.openqa.selenium.edge.EdgeDriverService.access$000(EdgeDriverService.java:37)
at org.openqa.selenium.edge.EdgeDriverService$Builder.findDefaultExecutable(EdgeDriverService.java:90)
at org.openqa.selenium.remote.service.DriverService$Builder.build(DriverService.java:355)
at org.openqa.selenium.edge.EdgeDriverService.createDefaultService(EdgeDriverService.java:70)
at org.openqa.selenium.edge.EdgeDriver.<init>(EdgeDriver.java:96)
at com.testScripts.BaseClass.openApplication(BaseClass.java:52)
at java.base/java.util.ArrayList.forEach(ArrayList.java:1511)
... Removed 25 stack frames]]>
    </failure>
  </testcase> <!-- @BeforeClass openApplication -->
  <testcase classname="com.testScripts.BaseClass" name="@AfterClass teraDown" time="-1.653459249053E9">
    <skipped/>
  </testcase> <!-- @AfterClass teraDown -->
  <testcase classname="com.testScripts.BaseClass" name="@BeforeClass openApplication" time="0.003">
    <failure type="java.lang.IllegalStateException" message="The path to the driver executable must be set by the webdriver.edge.driver system property; for more information, see https://github.com/SeleniumHQ/selenium/wiki/MicrosoftWebDriver. The latest version can be downloaded from http://go.microsoft.com/fwlink/?LinkId=619687">
      <![CDATA[java.lang.IllegalStateException: The path to the driver executable must be set by the webdriver.edge.driver system property; for more information, see https://github.com/SeleniumHQ/selenium/wiki/MicrosoftWebDriver. The latest version can be downloaded from http://go.microsoft.com/fwlink/?LinkId=619687
at com.google.common.base.Preconditions.checkState(Preconditions.java:847)
at org.openqa.selenium.remote.service.DriverService.findExecutable(DriverService.java:134)
at org.openqa.selenium.edge.EdgeDriverService.access$000(EdgeDriverService.java:37)
at org.openqa.selenium.edge.EdgeDriverService$Builder.findDefaultExecutable(EdgeDriverService.java:90)
at org.openqa.selenium.remote.service.DriverService$Builder.build(DriverService.java:355)
at org.openqa.selenium.edge.EdgeDriverService.createDefaultService(EdgeDriverService.java:70)
at org.openqa.selenium.edge.EdgeDriver.<init>(EdgeDriver.java:96)
at com.testScripts.BaseClass.openApplication(BaseClass.java:52)
at java.base/java.util.ArrayList.forEach(ArrayList.java:1511)
... Removed 25 stack frames]]>
    </failure>
  </testcase> <!-- @BeforeClass openApplication -->
  <testcase classname="com.testScripts.BaseClass" name="@AfterClass teraDown" time="-1.653459249062E9">
    <skipped/>
  </testcase> <!-- @AfterClass teraDown -->
  <testcase classname="com.testScripts.BaseClass" name="@BeforeClass openApplication" time="0.004">
    <failure type="java.lang.IllegalStateException" message="The path to the driver executable must be set by the webdriver.edge.driver system property; for more information, see https://github.com/SeleniumHQ/selenium/wiki/MicrosoftWebDriver. The latest version can be downloaded from http://go.microsoft.com/fwlink/?LinkId=619687">
      <![CDATA[java.lang.IllegalStateException: The path to the driver executable must be set by the webdriver.edge.driver system property; for more information, see https://github.com/SeleniumHQ/selenium/wiki/MicrosoftWebDriver. The latest version can be downloaded from http://go.microsoft.com/fwlink/?LinkId=619687
at com.google.common.base.Preconditions.checkState(Preconditions.java:847)
at org.openqa.selenium.remote.service.DriverService.findExecutable(DriverService.java:134)
at org.openqa.selenium.edge.EdgeDriverService.access$000(EdgeDriverService.java:37)
at org.openqa.selenium.edge.EdgeDriverService$Builder.findDefaultExecutable(EdgeDriverService.java:90)
at org.openqa.selenium.remote.service.DriverService$Builder.build(DriverService.java:355)
at org.openqa.selenium.edge.EdgeDriverService.createDefaultService(EdgeDriverService.java:70)
at org.openqa.selenium.edge.EdgeDriver.<init>(EdgeDriver.java:96)
at com.testScripts.BaseClass.openApplication(BaseClass.java:52)
at java.base/java.util.ArrayList.forEach(ArrayList.java:1511)
... Removed 25 stack frames]]>
    </failure>
  </testcase> <!-- @BeforeClass openApplication -->
  <testcase classname="com.testScripts.BaseClass" name="@AfterClass teraDown" time="-1.653459249075E9">
    <skipped/>
  </testcase> <!-- @AfterClass teraDown -->
  <testcase classname="com.testScripts.BaseClass" name="@BeforeClass openApplication" time="0.002">
    <failure type="java.lang.IllegalStateException" message="The path to the driver executable must be set by the webdriver.edge.driver system property; for more information, see https://github.com/SeleniumHQ/selenium/wiki/MicrosoftWebDriver. The latest version can be downloaded from http://go.microsoft.com/fwlink/?LinkId=619687">
      <![CDATA[java.lang.IllegalStateException: The path to the driver executable must be set by the webdriver.edge.driver system property; for more information, see https://github.com/SeleniumHQ/selenium/wiki/MicrosoftWebDriver. The latest version can be downloaded from http://go.microsoft.com/fwlink/?LinkId=619687
at com.google.common.base.Preconditions.checkState(Preconditions.java:847)
at org.openqa.selenium.remote.service.DriverService.findExecutable(DriverService.java:134)
at org.openqa.selenium.edge.EdgeDriverService.access$000(EdgeDriverService.java:37)
at org.openqa.selenium.edge.EdgeDriverService$Builder.findDefaultExecutable(EdgeDriverService.java:90)
at org.openqa.selenium.remote.service.DriverService$Builder.build(DriverService.java:355)
at org.openqa.selenium.edge.EdgeDriverService.createDefaultService(EdgeDriverService.java:70)
at org.openqa.selenium.edge.EdgeDriver.<init>(EdgeDriver.java:96)
at com.testScripts.BaseClass.openApplication(BaseClass.java:52)
at java.base/java.util.ArrayList.forEach(ArrayList.java:1511)
... Removed 25 stack frames]]>
    </failure>
  </testcase> <!-- @BeforeClass openApplication -->
  <testcase classname="com.testScripts.BaseClass" name="@AfterClass teraDown" time="-1.653459249084E9">
    <skipped/>
  </testcase> <!-- @AfterClass teraDown -->
  <testcase classname="com.testScripts.BaseClass" name="@BeforeClass openApplication" time="0.002">
    <failure type="java.lang.IllegalStateException" message="The path to the driver executable must be set by the webdriver.edge.driver system property; for more information, see https://github.com/SeleniumHQ/selenium/wiki/MicrosoftWebDriver. The latest version can be downloaded from http://go.microsoft.com/fwlink/?LinkId=619687">
      <![CDATA[java.lang.IllegalStateException: The path to the driver executable must be set by the webdriver.edge.driver system property; for more information, see https://github.com/SeleniumHQ/selenium/wiki/MicrosoftWebDriver. The latest version can be downloaded from http://go.microsoft.com/fwlink/?LinkId=619687
at com.google.common.base.Preconditions.checkState(Preconditions.java:847)
at org.openqa.selenium.remote.service.DriverService.findExecutable(DriverService.java:134)
at org.openqa.selenium.edge.EdgeDriverService.access$000(EdgeDriverService.java:37)
at org.openqa.selenium.edge.EdgeDriverService$Builder.findDefaultExecutable(EdgeDriverService.java:90)
at org.openqa.selenium.remote.service.DriverService$Builder.build(DriverService.java:355)
at org.openqa.selenium.edge.EdgeDriverService.createDefaultService(EdgeDriverService.java:70)
at org.openqa.selenium.edge.EdgeDriver.<init>(EdgeDriver.java:96)
at com.testScripts.BaseClass.openApplication(BaseClass.java:52)
at java.base/java.util.ArrayList.forEach(ArrayList.java:1511)
... Removed 25 stack frames]]>
    </failure>
  </testcase> <!-- @BeforeClass openApplication -->
  <testcase classname="com.testScripts.BaseClass" name="@AfterClass teraDown" time="-1.653459249091E9">
    <skipped/>
  </testcase> <!-- @AfterClass teraDown -->
  <testcase classname="com.testScripts.BaseClass" name="@BeforeClass openApplication" time="0.004">
    <failure type="java.lang.IllegalStateException" message="The path to the driver executable must be set by the webdriver.edge.driver system property; for more information, see https://github.com/SeleniumHQ/selenium/wiki/MicrosoftWebDriver. The latest version can be downloaded from http://go.microsoft.com/fwlink/?LinkId=619687">
      <![CDATA[java.lang.IllegalStateException: The path to the driver executable must be set by the webdriver.edge.driver system property; for more information, see https://github.com/SeleniumHQ/selenium/wiki/MicrosoftWebDriver. The latest version can be downloaded from http://go.microsoft.com/fwlink/?LinkId=619687
at com.google.common.base.Preconditions.checkState(Preconditions.java:847)
at org.openqa.selenium.remote.service.DriverService.findExecutable(DriverService.java:134)
at org.openqa.selenium.edge.EdgeDriverService.access$000(EdgeDriverService.java:37)
at org.openqa.selenium.edge.EdgeDriverService$Builder.findDefaultExecutable(EdgeDriverService.java:90)
at org.openqa.selenium.remote.service.DriverService$Builder.build(DriverService.java:355)
at org.openqa.selenium.edge.EdgeDriverService.createDefaultService(EdgeDriverService.java:70)
at org.openqa.selenium.edge.EdgeDriver.<init>(EdgeDriver.java:96)
at com.testScripts.BaseClass.openApplication(BaseClass.java:52)
at java.base/java.util.ArrayList.forEach(ArrayList.java:1511)
... Removed 25 stack frames]]>
    </failure>
  </testcase> <!-- @BeforeClass openApplication -->
  <testcase classname="com.testScripts.BaseClass" name="@AfterClass teraDown" time="-1.653459249101E9">
    <skipped/>
  </testcase> <!-- @AfterClass teraDown -->
  <testcase classname="com.testScripts.BaseClass" name="@BeforeClass openApplication" time="0.003">
    <failure type="java.lang.IllegalStateException" message="The path to the driver executable must be set by the webdriver.edge.driver system property; for more information, see https://github.com/SeleniumHQ/selenium/wiki/MicrosoftWebDriver. The latest version can be downloaded from http://go.microsoft.com/fwlink/?LinkId=619687">
      <![CDATA[java.lang.IllegalStateException: The path to the driver executable must be set by the webdriver.edge.driver system property; for more information, see https://github.com/SeleniumHQ/selenium/wiki/MicrosoftWebDriver. The latest version can be downloaded from http://go.microsoft.com/fwlink/?LinkId=619687
at com.google.common.base.Preconditions.checkState(Preconditions.java:847)
at org.openqa.selenium.remote.service.DriverService.findExecutable(DriverService.java:134)
at org.openqa.selenium.edge.EdgeDriverService.access$000(EdgeDriverService.java:37)
at org.openqa.selenium.edge.EdgeDriverService$Builder.findDefaultExecutable(EdgeDriverService.java:90)
at org.openqa.selenium.remote.service.DriverService$Builder.build(DriverService.java:355)
at org.openqa.selenium.edge.EdgeDriverService.createDefaultService(EdgeDriverService.java:70)
at org.openqa.selenium.edge.EdgeDriver.<init>(EdgeDriver.java:96)
at com.testScripts.BaseClass.openApplication(BaseClass.java:52)
at java.base/java.util.ArrayList.forEach(ArrayList.java:1511)
... Removed 25 stack frames]]>
    </failure>
  </testcase> <!-- @BeforeClass openApplication -->
  <testcase classname="com.testScripts.BaseClass" name="@AfterClass teraDown" time="-1.65345924911E9">
    <skipped/>
  </testcase> <!-- @AfterClass teraDown -->
  <testcase classname="com.testScripts.BaseClass" name="@BeforeClass openApplication" time="0.003">
    <failure type="java.lang.IllegalStateException" message="The path to the driver executable must be set by the webdriver.edge.driver system property; for more information, see https://github.com/SeleniumHQ/selenium/wiki/MicrosoftWebDriver. The latest version can be downloaded from http://go.microsoft.com/fwlink/?LinkId=619687">
      <![CDATA[java.lang.IllegalStateException: The path to the driver executable must be set by the webdriver.edge.driver system property; for more information, see https://github.com/SeleniumHQ/selenium/wiki/MicrosoftWebDriver. The latest version can be downloaded from http://go.microsoft.com/fwlink/?LinkId=619687
at com.google.common.base.Preconditions.checkState(Preconditions.java:847)
at org.openqa.selenium.remote.service.DriverService.findExecutable(DriverService.java:134)
at org.openqa.selenium.edge.EdgeDriverService.access$000(EdgeDriverService.java:37)
at org.openqa.selenium.edge.EdgeDriverService$Builder.findDefaultExecutable(EdgeDriverService.java:90)
at org.openqa.selenium.remote.service.DriverService$Builder.build(DriverService.java:355)
at org.openqa.selenium.edge.EdgeDriverService.createDefaultService(EdgeDriverService.java:70)
at org.openqa.selenium.edge.EdgeDriver.<init>(EdgeDriver.java:96)
at com.testScripts.BaseClass.openApplication(BaseClass.java:52)
at java.base/java.util.ArrayList.forEach(ArrayList.java:1511)
... Removed 25 stack frames]]>
    </failure>
  </testcase> <!-- @BeforeClass openApplication -->
  <testcase classname="com.testScripts.BaseClass" name="@AfterClass teraDown" time="-1.653459249119E9">
    <skipped/>
  </testcase> <!-- @AfterClass teraDown -->
  <testcase classname="com.testScripts.BaseClass" name="@BeforeClass openApplication" time="0.003">
    <failure type="java.lang.IllegalStateException" message="The path to the driver executable must be set by the webdriver.edge.driver system property; for more information, see https://github.com/SeleniumHQ/selenium/wiki/MicrosoftWebDriver. The latest version can be downloaded from http://go.microsoft.com/fwlink/?LinkId=619687">
      <![CDATA[java.lang.IllegalStateException: The path to the driver executable must be set by the webdriver.edge.driver system property; for more information, see https://github.com/SeleniumHQ/selenium/wiki/MicrosoftWebDriver. The latest version can be downloaded from http://go.microsoft.com/fwlink/?LinkId=619687
at com.google.common.base.Preconditions.checkState(Preconditions.java:847)
at org.openqa.selenium.remote.service.DriverService.findExecutable(DriverService.java:134)
at org.openqa.selenium.edge.EdgeDriverService.access$000(EdgeDriverService.java:37)
at org.openqa.selenium.edge.EdgeDriverService$Builder.findDefaultExecutable(EdgeDriverService.java:90)
at org.openqa.selenium.remote.service.DriverService$Builder.build(DriverService.java:355)
at org.openqa.selenium.edge.EdgeDriverService.createDefaultService(EdgeDriverService.java:70)
at org.openqa.selenium.edge.EdgeDriver.<init>(EdgeDriver.java:96)
at com.testScripts.BaseClass.openApplication(BaseClass.java:52)
at java.base/java.util.ArrayList.forEach(ArrayList.java:1511)
... Removed 25 stack frames]]>
    </failure>
  </testcase> <!-- @BeforeClass openApplication -->
  <testcase classname="com.testScripts.BaseClass" name="@AfterClass teraDown" time="-1.653459249125E9">
    <skipped/>
  </testcase> <!-- @AfterClass teraDown -->
  <testcase classname="com.testScripts.BaseClass" name="@BeforeClass openApplication" time="0.003">
    <failure type="java.lang.IllegalStateException" message="The path to the driver executable must be set by the webdriver.edge.driver system property; for more information, see https://github.com/SeleniumHQ/selenium/wiki/MicrosoftWebDriver. The latest version can be downloaded from http://go.microsoft.com/fwlink/?LinkId=619687">
      <![CDATA[java.lang.IllegalStateException: The path to the driver executable must be set by the webdriver.edge.driver system property; for more information, see https://github.com/SeleniumHQ/selenium/wiki/MicrosoftWebDriver. The latest version can be downloaded from http://go.microsoft.com/fwlink/?LinkId=619687
at com.google.common.base.Preconditions.checkState(Preconditions.java:847)
at org.openqa.selenium.remote.service.DriverService.findExecutable(DriverService.java:134)
at org.openqa.selenium.edge.EdgeDriverService.access$000(EdgeDriverService.java:37)
at org.openqa.selenium.edge.EdgeDriverService$Builder.findDefaultExecutable(EdgeDriverService.java:90)
at org.openqa.selenium.remote.service.DriverService$Builder.build(DriverService.java:355)
at org.openqa.selenium.edge.EdgeDriverService.createDefaultService(EdgeDriverService.java:70)
at org.openqa.selenium.edge.EdgeDriver.<init>(EdgeDriver.java:96)
at com.testScripts.BaseClass.openApplication(BaseClass.java:52)
at java.base/java.util.ArrayList.forEach(ArrayList.java:1511)
... Removed 25 stack frames]]>
    </failure>
  </testcase> <!-- @BeforeClass openApplication -->
  <testcase classname="com.testScripts.BaseClass" name="@AfterClass teraDown" time="-1.653459249134E9">
    <skipped/>
  </testcase> <!-- @AfterClass teraDown -->
  <testcase classname="com.testScripts.BaseClass" name="@BeforeClass openApplication" time="0.002">
    <failure type="java.lang.IllegalStateException" message="The path to the driver executable must be set by the webdriver.edge.driver system property; for more information, see https://github.com/SeleniumHQ/selenium/wiki/MicrosoftWebDriver. The latest version can be downloaded from http://go.microsoft.com/fwlink/?LinkId=619687">
      <![CDATA[java.lang.IllegalStateException: The path to the driver executable must be set by the webdriver.edge.driver system property; for more information, see https://github.com/SeleniumHQ/selenium/wiki/MicrosoftWebDriver. The latest version can be downloaded from http://go.microsoft.com/fwlink/?LinkId=619687
at com.google.common.base.Preconditions.checkState(Preconditions.java:847)
at org.openqa.selenium.remote.service.DriverService.findExecutable(DriverService.java:134)
at org.openqa.selenium.edge.EdgeDriverService.access$000(EdgeDriverService.java:37)
at org.openqa.selenium.edge.EdgeDriverService$Builder.findDefaultExecutable(EdgeDriverService.java:90)
at org.openqa.selenium.remote.service.DriverService$Builder.build(DriverService.java:355)
at org.openqa.selenium.edge.EdgeDriverService.createDefaultService(EdgeDriverService.java:70)
at org.openqa.selenium.edge.EdgeDriver.<init>(EdgeDriver.java:96)
at com.testScripts.BaseClass.openApplication(BaseClass.java:52)
at java.base/java.util.ArrayList.forEach(ArrayList.java:1511)
... Removed 25 stack frames]]>
    </failure>
  </testcase> <!-- @BeforeClass openApplication -->
  <testcase classname="com.testScripts.BaseClass" name="@AfterClass teraDown" time="-1.653459249143E9">
    <skipped/>
  </testcase> <!-- @AfterClass teraDown -->
  <testcase classname="com.testScripts.BaseClass" name="@BeforeClass openApplication" time="0.003">
    <failure type="java.lang.IllegalStateException" message="The path to the driver executable must be set by the webdriver.edge.driver system property; for more information, see https://github.com/SeleniumHQ/selenium/wiki/MicrosoftWebDriver. The latest version can be downloaded from http://go.microsoft.com/fwlink/?LinkId=619687">
      <![CDATA[java.lang.IllegalStateException: The path to the driver executable must be set by the webdriver.edge.driver system property; for more information, see https://github.com/SeleniumHQ/selenium/wiki/MicrosoftWebDriver. The latest version can be downloaded from http://go.microsoft.com/fwlink/?LinkId=619687
at com.google.common.base.Preconditions.checkState(Preconditions.java:847)
at org.openqa.selenium.remote.service.DriverService.findExecutable(DriverService.java:134)
at org.openqa.selenium.edge.EdgeDriverService.access$000(EdgeDriverService.java:37)
at org.openqa.selenium.edge.EdgeDriverService$Builder.findDefaultExecutable(EdgeDriverService.java:90)
at org.openqa.selenium.remote.service.DriverService$Builder.build(DriverService.java:355)
at org.openqa.selenium.edge.EdgeDriverService.createDefaultService(EdgeDriverService.java:70)
at org.openqa.selenium.edge.EdgeDriver.<init>(EdgeDriver.java:96)
at com.testScripts.BaseClass.openApplication(BaseClass.java:52)
at java.base/java.util.ArrayList.forEach(ArrayList.java:1511)
... Removed 25 stack frames]]>
    </failure>
  </testcase> <!-- @BeforeClass openApplication -->
  <testcase classname="com.testScripts.BaseClass" name="@AfterClass teraDown" time="-1.65345924915E9">
    <skipped/>
  </testcase> <!-- @AfterClass teraDown -->
  <testcase classname="com.testScripts.BaseClass" name="@BeforeClass openApplication" time="0.002">
    <failure type="java.lang.IllegalStateException" message="The path to the driver executable must be set by the webdriver.edge.driver system property; for more information, see https://github.com/SeleniumHQ/selenium/wiki/MicrosoftWebDriver. The latest version can be downloaded from http://go.microsoft.com/fwlink/?LinkId=619687">
      <![CDATA[java.lang.IllegalStateException: The path to the driver executable must be set by the webdriver.edge.driver system property; for more information, see https://github.com/SeleniumHQ/selenium/wiki/MicrosoftWebDriver. The latest version can be downloaded from http://go.microsoft.com/fwlink/?LinkId=619687
at com.google.common.base.Preconditions.checkState(Preconditions.java:847)
at org.openqa.selenium.remote.service.DriverService.findExecutable(DriverService.java:134)
at org.openqa.selenium.edge.EdgeDriverService.access$000(EdgeDriverService.java:37)
at org.openqa.selenium.edge.EdgeDriverService$Builder.findDefaultExecutable(EdgeDriverService.java:90)
at org.openqa.selenium.remote.service.DriverService$Builder.build(DriverService.java:355)
at org.openqa.selenium.edge.EdgeDriverService.createDefaultService(EdgeDriverService.java:70)
at org.openqa.selenium.edge.EdgeDriver.<init>(EdgeDriver.java:96)
at com.testScripts.BaseClass.openApplication(BaseClass.java:52)
at java.base/java.util.ArrayList.forEach(ArrayList.java:1511)
... Removed 25 stack frames]]>
    </failure>
  </testcase> <!-- @BeforeClass openApplication -->
  <testcase classname="com.testScripts.BaseClass" name="@AfterClass teraDown" time="-1.653459249156E9">
    <skipped/>
  </testcase> <!-- @AfterClass teraDown -->
  <testcase classname="com.testScripts.BaseClass" name="@BeforeClass openApplication" time="0.003">
    <failure type="java.lang.IllegalStateException" message="The path to the driver executable must be set by the webdriver.edge.driver system property; for more information, see https://github.com/SeleniumHQ/selenium/wiki/MicrosoftWebDriver. The latest version can be downloaded from http://go.microsoft.com/fwlink/?LinkId=619687">
      <![CDATA[java.lang.IllegalStateException: The path to the driver executable must be set by the webdriver.edge.driver system property; for more information, see https://github.com/SeleniumHQ/selenium/wiki/MicrosoftWebDriver. The latest version can be downloaded from http://go.microsoft.com/fwlink/?LinkId=619687
at com.google.common.base.Preconditions.checkState(Preconditions.java:847)
at org.openqa.selenium.remote.service.DriverService.findExecutable(DriverService.java:134)
at org.openqa.selenium.edge.EdgeDriverService.access$000(EdgeDriverService.java:37)
at org.openqa.selenium.edge.EdgeDriverService$Builder.findDefaultExecutable(EdgeDriverService.java:90)
at org.openqa.selenium.remote.service.DriverService$Builder.build(DriverService.java:355)
at org.openqa.selenium.edge.EdgeDriverService.createDefaultService(EdgeDriverService.java:70)
at org.openqa.selenium.edge.EdgeDriver.<init>(EdgeDriver.java:96)
at com.testScripts.BaseClass.openApplication(BaseClass.java:52)
at java.base/java.util.ArrayList.forEach(ArrayList.java:1511)
... Removed 25 stack frames]]>
    </failure>
  </testcase> <!-- @BeforeClass openApplication -->
  <testcase classname="com.testScripts.BaseClass" name="@AfterClass teraDown" time="-1.653459249164E9">
    <skipped/>
  </testcase> <!-- @AfterClass teraDown -->
  <testcase classname="com.testScripts.BaseClass" name="@BeforeClass openApplication" time="0.002">
    <failure type="java.lang.IllegalStateException" message="The path to the driver executable must be set by the webdriver.edge.driver system property; for more information, see https://github.com/SeleniumHQ/selenium/wiki/MicrosoftWebDriver. The latest version can be downloaded from http://go.microsoft.com/fwlink/?LinkId=619687">
      <![CDATA[java.lang.IllegalStateException: The path to the driver executable must be set by the webdriver.edge.driver system property; for more information, see https://github.com/SeleniumHQ/selenium/wiki/MicrosoftWebDriver. The latest version can be downloaded from http://go.microsoft.com/fwlink/?LinkId=619687
at com.google.common.base.Preconditions.checkState(Preconditions.java:847)
at org.openqa.selenium.remote.service.DriverService.findExecutable(DriverService.java:134)
at org.openqa.selenium.edge.EdgeDriverService.access$000(EdgeDriverService.java:37)
at org.openqa.selenium.edge.EdgeDriverService$Builder.findDefaultExecutable(EdgeDriverService.java:90)
at org.openqa.selenium.remote.service.DriverService$Builder.build(DriverService.java:355)
at org.openqa.selenium.edge.EdgeDriverService.createDefaultService(EdgeDriverService.java:70)
at org.openqa.selenium.edge.EdgeDriver.<init>(EdgeDriver.java:96)
at com.testScripts.BaseClass.openApplication(BaseClass.java:52)
at java.base/java.util.ArrayList.forEach(ArrayList.java:1511)
... Removed 24 stack frames]]>
    </failure>
  </testcase> <!-- @BeforeClass openApplication -->
  <testcase classname="com.testScripts.BaseClass" name="@AfterClass teraDown" time="-1.65345924917E9">
    <skipped/>
  </testcase> <!-- @AfterClass teraDown -->
  <testcase classname="com.testScripts.BaseClass" name="@BeforeClass openApplication" time="0.002">
    <failure type="java.lang.IllegalStateException" message="The path to the driver executable must be set by the webdriver.edge.driver system property; for more information, see https://github.com/SeleniumHQ/selenium/wiki/MicrosoftWebDriver. The latest version can be downloaded from http://go.microsoft.com/fwlink/?LinkId=619687">
      <![CDATA[java.lang.IllegalStateException: The path to the driver executable must be set by the webdriver.edge.driver system property; for more information, see https://github.com/SeleniumHQ/selenium/wiki/MicrosoftWebDriver. The latest version can be downloaded from http://go.microsoft.com/fwlink/?LinkId=619687
at com.google.common.base.Preconditions.checkState(Preconditions.java:847)
at org.openqa.selenium.remote.service.DriverService.findExecutable(DriverService.java:134)
at org.openqa.selenium.edge.EdgeDriverService.access$000(EdgeDriverService.java:37)
at org.openqa.selenium.edge.EdgeDriverService$Builder.findDefaultExecutable(EdgeDriverService.java:90)
at org.openqa.selenium.remote.service.DriverService$Builder.build(DriverService.java:355)
at org.openqa.selenium.edge.EdgeDriverService.createDefaultService(EdgeDriverService.java:70)
at org.openqa.selenium.edge.EdgeDriver.<init>(EdgeDriver.java:96)
at com.testScripts.BaseClass.openApplication(BaseClass.java:52)
at java.base/java.util.ArrayList.forEach(ArrayList.java:1511)
... Removed 24 stack frames]]>
    </failure>
  </testcase> <!-- @BeforeClass openApplication -->
  <testcase classname="com.testScripts.BaseClass" name="@AfterClass teraDown" time="-1.653459249175E9">
    <skipped/>
  </testcase> <!-- @AfterClass teraDown -->
  <testcase classname="com.testScripts.BaseClass" name="@BeforeClass openApplication" time="0.004">
    <failure type="java.lang.IllegalStateException" message="The path to the driver executable must be set by the webdriver.edge.driver system property; for more information, see https://github.com/SeleniumHQ/selenium/wiki/MicrosoftWebDriver. The latest version can be downloaded from http://go.microsoft.com/fwlink/?LinkId=619687">
      <![CDATA[java.lang.IllegalStateException: The path to the driver executable must be set by the webdriver.edge.driver system property; for more information, see https://github.com/SeleniumHQ/selenium/wiki/MicrosoftWebDriver. The latest version can be downloaded from http://go.microsoft.com/fwlink/?LinkId=619687
at com.google.common.base.Preconditions.checkState(Preconditions.java:847)
at org.openqa.selenium.remote.service.DriverService.findExecutable(DriverService.java:134)
at org.openqa.selenium.edge.EdgeDriverService.access$000(EdgeDriverService.java:37)
at org.openqa.selenium.edge.EdgeDriverService$Builder.findDefaultExecutable(EdgeDriverService.java:90)
at org.openqa.selenium.remote.service.DriverService$Builder.build(DriverService.java:355)
at org.openqa.selenium.edge.EdgeDriverService.createDefaultService(EdgeDriverService.java:70)
at org.openqa.selenium.edge.EdgeDriver.<init>(EdgeDriver.java:96)
at com.testScripts.BaseClass.openApplication(BaseClass.java:52)
at java.base/java.util.ArrayList.forEach(ArrayList.java:1511)
... Removed 24 stack frames]]>
    </failure>
  </testcase> <!-- @BeforeClass openApplication -->
  <testcase classname="com.testScripts.BaseClass" name="@AfterClass teraDown" time="-1.653459249182E9">
    <skipped/>
  </testcase> <!-- @AfterClass teraDown -->
  <testcase classname="com.testScripts.BaseClass" name="@BeforeClass openApplication" time="0.002">
    <failure type="java.lang.IllegalStateException" message="The path to the driver executable must be set by the webdriver.edge.driver system property; for more information, see https://github.com/SeleniumHQ/selenium/wiki/MicrosoftWebDriver. The latest version can be downloaded from http://go.microsoft.com/fwlink/?LinkId=619687">
      <![CDATA[java.lang.IllegalStateException: The path to the driver executable must be set by the webdriver.edge.driver system property; for more information, see https://github.com/SeleniumHQ/selenium/wiki/MicrosoftWebDriver. The latest version can be downloaded from http://go.microsoft.com/fwlink/?LinkId=619687
at com.google.common.base.Preconditions.checkState(Preconditions.java:847)
at org.openqa.selenium.remote.service.DriverService.findExecutable(DriverService.java:134)
at org.openqa.selenium.edge.EdgeDriverService.access$000(EdgeDriverService.java:37)
at org.openqa.selenium.edge.EdgeDriverService$Builder.findDefaultExecutable(EdgeDriverService.java:90)
at org.openqa.selenium.remote.service.DriverService$Builder.build(DriverService.java:355)
at org.openqa.selenium.edge.EdgeDriverService.createDefaultService(EdgeDriverService.java:70)
at org.openqa.selenium.edge.EdgeDriver.<init>(EdgeDriver.java:96)
at com.testScripts.BaseClass.openApplication(BaseClass.java:52)
at java.base/java.util.ArrayList.forEach(ArrayList.java:1511)
... Removed 24 stack frames]]>
    </failure>
  </testcase> <!-- @BeforeClass openApplication -->
  <testcase classname="com.testScripts.BaseClass" name="@AfterClass teraDown" time="-1.65345924919E9">
    <skipped/>
  </testcase> <!-- @AfterClass teraDown -->
  <testcase classname="com.testScripts.BaseClass" name="@BeforeClass openApplication" time="0.003">
    <failure type="java.lang.IllegalStateException" message="The path to the driver executable must be set by the webdriver.edge.driver system property; for more information, see https://github.com/SeleniumHQ/selenium/wiki/MicrosoftWebDriver. The latest version can be downloaded from http://go.microsoft.com/fwlink/?LinkId=619687">
      <![CDATA[java.lang.IllegalStateException: The path to the driver executable must be set by the webdriver.edge.driver system property; for more information, see https://github.com/SeleniumHQ/selenium/wiki/MicrosoftWebDriver. The latest version can be downloaded from http://go.microsoft.com/fwlink/?LinkId=619687
at com.google.common.base.Preconditions.checkState(Preconditions.java:847)
at org.openqa.selenium.remote.service.DriverService.findExecutable(DriverService.java:134)
at org.openqa.selenium.edge.EdgeDriverService.access$000(EdgeDriverService.java:37)
at org.openqa.selenium.edge.EdgeDriverService$Builder.findDefaultExecutable(EdgeDriverService.java:90)
at org.openqa.selenium.remote.service.DriverService$Builder.build(DriverService.java:355)
at org.openqa.selenium.edge.EdgeDriverService.createDefaultService(EdgeDriverService.java:70)
at org.openqa.selenium.edge.EdgeDriver.<init>(EdgeDriver.java:96)
at com.testScripts.BaseClass.openApplication(BaseClass.java:52)
at java.base/java.util.ArrayList.forEach(ArrayList.java:1511)
... Removed 24 stack frames]]>
    </failure>
  </testcase> <!-- @BeforeClass openApplication -->
  <testcase classname="com.testScripts.BaseClass" name="@AfterClass teraDown" time="-1.653459249195E9">
    <skipped/>
  </testcase> <!-- @AfterClass teraDown -->
  <testcase classname="com.testScripts.BaseClass" name="@BeforeClass openApplication" time="0.003">
    <failure type="java.lang.IllegalStateException" message="The path to the driver executable must be set by the webdriver.edge.driver system property; for more information, see https://github.com/SeleniumHQ/selenium/wiki/MicrosoftWebDriver. The latest version can be downloaded from http://go.microsoft.com/fwlink/?LinkId=619687">
      <![CDATA[java.lang.IllegalStateException: The path to the driver executable must be set by the webdriver.edge.driver system property; for more information, see https://github.com/SeleniumHQ/selenium/wiki/MicrosoftWebDriver. The latest version can be downloaded from http://go.microsoft.com/fwlink/?LinkId=619687
at com.google.common.base.Preconditions.checkState(Preconditions.java:847)
at org.openqa.selenium.remote.service.DriverService.findExecutable(DriverService.java:134)
at org.openqa.selenium.edge.EdgeDriverService.access$000(EdgeDriverService.java:37)
at org.openqa.selenium.edge.EdgeDriverService$Builder.findDefaultExecutable(EdgeDriverService.java:90)
at org.openqa.selenium.remote.service.DriverService$Builder.build(DriverService.java:355)
at org.openqa.selenium.edge.EdgeDriverService.createDefaultService(EdgeDriverService.java:70)
at org.openqa.selenium.edge.EdgeDriver.<init>(EdgeDriver.java:96)
at com.testScripts.BaseClass.openApplication(BaseClass.java:52)
at java.base/java.util.ArrayList.forEach(ArrayList.java:1511)
... Removed 24 stack frames]]>
    </failure>
  </testcase> <!-- @BeforeClass openApplication -->
  <testcase classname="com.testScripts.BaseClass" name="@AfterClass teraDown" time="-1.653459249202E9">
    <skipped/>
  </testcase> <!-- @AfterClass teraDown -->
  <testcase classname="com.testScripts.BaseClass" name="@BeforeClass openApplication" time="0.002">
    <failure type="java.lang.IllegalStateException" message="The path to the driver executable must be set by the webdriver.edge.driver system property; for more information, see https://github.com/SeleniumHQ/selenium/wiki/MicrosoftWebDriver. The latest version can be downloaded from http://go.microsoft.com/fwlink/?LinkId=619687">
      <![CDATA[java.lang.IllegalStateException: The path to the driver executable must be set by the webdriver.edge.driver system property; for more information, see https://github.com/SeleniumHQ/selenium/wiki/MicrosoftWebDriver. The latest version can be downloaded from http://go.microsoft.com/fwlink/?LinkId=619687
at com.google.common.base.Preconditions.checkState(Preconditions.java:847)
at org.openqa.selenium.remote.service.DriverService.findExecutable(DriverService.java:134)
at org.openqa.selenium.edge.EdgeDriverService.access$000(EdgeDriverService.java:37)
at org.openqa.selenium.edge.EdgeDriverService$Builder.findDefaultExecutable(EdgeDriverService.java:90)
at org.openqa.selenium.remote.service.DriverService$Builder.build(DriverService.java:355)
at org.openqa.selenium.edge.EdgeDriverService.createDefaultService(EdgeDriverService.java:70)
at org.openqa.selenium.edge.EdgeDriver.<init>(EdgeDriver.java:96)
at com.testScripts.BaseClass.openApplication(BaseClass.java:52)
at java.base/java.util.ArrayList.forEach(ArrayList.java:1511)
... Removed 24 stack frames]]>
    </failure>
  </testcase> <!-- @BeforeClass openApplication -->
  <testcase classname="com.testScripts.BaseClass" name="@AfterClass teraDown" time="-1.653459249206E9">
    <skipped/>
  </testcase> <!-- @AfterClass teraDown -->
  <testcase classname="com.testScripts.BaseClass" name="@BeforeClass openApplication" time="0.002">
    <failure type="java.lang.IllegalStateException" message="The path to the driver executable must be set by the webdriver.edge.driver system property; for more information, see https://github.com/SeleniumHQ/selenium/wiki/MicrosoftWebDriver. The latest version can be downloaded from http://go.microsoft.com/fwlink/?LinkId=619687">
      <![CDATA[java.lang.IllegalStateException: The path to the driver executable must be set by the webdriver.edge.driver system property; for more information, see https://github.com/SeleniumHQ/selenium/wiki/MicrosoftWebDriver. The latest version can be downloaded from http://go.microsoft.com/fwlink/?LinkId=619687
at com.google.common.base.Preconditions.checkState(Preconditions.java:847)
at org.openqa.selenium.remote.service.DriverService.findExecutable(DriverService.java:134)
at org.openqa.selenium.edge.EdgeDriverService.access$000(EdgeDriverService.java:37)
at org.openqa.selenium.edge.EdgeDriverService$Builder.findDefaultExecutable(EdgeDriverService.java:90)
at org.openqa.selenium.remote.service.DriverService$Builder.build(DriverService.java:355)
at org.openqa.selenium.edge.EdgeDriverService.createDefaultService(EdgeDriverService.java:70)
at org.openqa.selenium.edge.EdgeDriver.<init>(EdgeDriver.java:96)
at com.testScripts.BaseClass.openApplication(BaseClass.java:52)
at java.base/java.util.ArrayList.forEach(ArrayList.java:1511)
... Removed 24 stack frames]]>
    </failure>
  </testcase> <!-- @BeforeClass openApplication -->
  <testcase classname="com.testScripts.BaseClass" name="@AfterClass teraDown" time="-1.653459249211E9">
    <skipped/>
  </testcase> <!-- @AfterClass teraDown -->
  <testcase classname="com.testScripts.BaseClass" name="@BeforeClass openApplication" time="0.002">
    <failure type="java.lang.IllegalStateException" message="The path to the driver executable must be set by the webdriver.edge.driver system property; for more information, see https://github.com/SeleniumHQ/selenium/wiki/MicrosoftWebDriver. The latest version can be downloaded from http://go.microsoft.com/fwlink/?LinkId=619687">
      <![CDATA[java.lang.IllegalStateException: The path to the driver executable must be set by the webdriver.edge.driver system property; for more information, see https://github.com/SeleniumHQ/selenium/wiki/MicrosoftWebDriver. The latest version can be downloaded from http://go.microsoft.com/fwlink/?LinkId=619687
at com.google.common.base.Preconditions.checkState(Preconditions.java:847)
at org.openqa.selenium.remote.service.DriverService.findExecutable(DriverService.java:134)
at org.openqa.selenium.edge.EdgeDriverService.access$000(EdgeDriverService.java:37)
at org.openqa.selenium.edge.EdgeDriverService$Builder.findDefaultExecutable(EdgeDriverService.java:90)
at org.openqa.selenium.remote.service.DriverService$Builder.build(DriverService.java:355)
at org.openqa.selenium.edge.EdgeDriverService.createDefaultService(EdgeDriverService.java:70)
at org.openqa.selenium.edge.EdgeDriver.<init>(EdgeDriver.java:96)
at com.testScripts.BaseClass.openApplication(BaseClass.java:52)
at java.base/java.util.ArrayList.forEach(ArrayList.java:1511)
... Removed 24 stack frames]]>
    </failure>
  </testcase> <!-- @BeforeClass openApplication -->
  <testcase classname="com.testScripts.BaseClass" name="@AfterClass teraDown" time="-1.653459249217E9">
    <skipped/>
  </testcase> <!-- @AfterClass teraDown -->
  <testcase classname="com.testScripts.BaseClass" name="@BeforeClass openApplication" time="0.004">
    <failure type="java.lang.IllegalStateException" message="The path to the driver executable must be set by the webdriver.edge.driver system property; for more information, see https://github.com/SeleniumHQ/selenium/wiki/MicrosoftWebDriver. The latest version can be downloaded from http://go.microsoft.com/fwlink/?LinkId=619687">
      <![CDATA[java.lang.IllegalStateException: The path to the driver executable must be set by the webdriver.edge.driver system property; for more information, see https://github.com/SeleniumHQ/selenium/wiki/MicrosoftWebDriver. The latest version can be downloaded from http://go.microsoft.com/fwlink/?LinkId=619687
at com.google.common.base.Preconditions.checkState(Preconditions.java:847)
at org.openqa.selenium.remote.service.DriverService.findExecutable(DriverService.java:134)
at org.openqa.selenium.edge.EdgeDriverService.access$000(EdgeDriverService.java:37)
at org.openqa.selenium.edge.EdgeDriverService$Builder.findDefaultExecutable(EdgeDriverService.java:90)
at org.openqa.selenium.remote.service.DriverService$Builder.build(DriverService.java:355)
at org.openqa.selenium.edge.EdgeDriverService.createDefaultService(EdgeDriverService.java:70)
at org.openqa.selenium.edge.EdgeDriver.<init>(EdgeDriver.java:96)
at com.testScripts.BaseClass.openApplication(BaseClass.java:52)
at java.base/java.util.ArrayList.forEach(ArrayList.java:1511)
... Removed 24 stack frames]]>
    </failure>
  </testcase> <!-- @BeforeClass openApplication -->
  <testcase classname="com.testScripts.BaseClass" name="@AfterClass teraDown" time="-1.653459249223E9">
    <skipped/>
  </testcase> <!-- @AfterClass teraDown -->
  <testcase classname="com.testScripts.BaseClass" name="@BeforeClass openApplication" time="0.002">
    <failure type="java.lang.IllegalStateException" message="The path to the driver executable must be set by the webdriver.edge.driver system property; for more information, see https://github.com/SeleniumHQ/selenium/wiki/MicrosoftWebDriver. The latest version can be downloaded from http://go.microsoft.com/fwlink/?LinkId=619687">
      <![CDATA[java.lang.IllegalStateException: The path to the driver executable must be set by the webdriver.edge.driver system property; for more information, see https://github.com/SeleniumHQ/selenium/wiki/MicrosoftWebDriver. The latest version can be downloaded from http://go.microsoft.com/fwlink/?LinkId=619687
at com.google.common.base.Preconditions.checkState(Preconditions.java:847)
at org.openqa.selenium.remote.service.DriverService.findExecutable(DriverService.java:134)
at org.openqa.selenium.edge.EdgeDriverService.access$000(EdgeDriverService.java:37)
at org.openqa.selenium.edge.EdgeDriverService$Builder.findDefaultExecutable(EdgeDriverService.java:90)
at org.openqa.selenium.remote.service.DriverService$Builder.build(DriverService.java:355)
at org.openqa.selenium.edge.EdgeDriverService.createDefaultService(EdgeDriverService.java:70)
at org.openqa.selenium.edge.EdgeDriver.<init>(EdgeDriver.java:96)
at com.testScripts.BaseClass.openApplication(BaseClass.java:52)
at java.base/java.util.ArrayList.forEach(ArrayList.java:1511)
... Removed 24 stack frames]]>
    </failure>
  </testcase> <!-- @BeforeClass openApplication -->
  <testcase classname="com.testScripts.BaseClass" name="@AfterClass teraDown" time="-1.65345924923E9">
    <skipped/>
  </testcase> <!-- @AfterClass teraDown -->
  <testcase classname="com.testScripts.BaseClass" name="@BeforeClass openApplication" time="0.002">
    <failure type="java.lang.IllegalStateException" message="The path to the driver executable must be set by the webdriver.edge.driver system property; for more information, see https://github.com/SeleniumHQ/selenium/wiki/MicrosoftWebDriver. The latest version can be downloaded from http://go.microsoft.com/fwlink/?LinkId=619687">
      <![CDATA[java.lang.IllegalStateException: The path to the driver executable must be set by the webdriver.edge.driver system property; for more information, see https://github.com/SeleniumHQ/selenium/wiki/MicrosoftWebDriver. The latest version can be downloaded from http://go.microsoft.com/fwlink/?LinkId=619687
at com.google.common.base.Preconditions.checkState(Preconditions.java:847)
at org.openqa.selenium.remote.service.DriverService.findExecutable(DriverService.java:134)
at org.openqa.selenium.edge.EdgeDriverService.access$000(EdgeDriverService.java:37)
at org.openqa.selenium.edge.EdgeDriverService$Builder.findDefaultExecutable(EdgeDriverService.java:90)
at org.openqa.selenium.remote.service.DriverService$Builder.build(DriverService.java:355)
at org.openqa.selenium.edge.EdgeDriverService.createDefaultService(EdgeDriverService.java:70)
at org.openqa.selenium.edge.EdgeDriver.<init>(EdgeDriver.java:96)
at com.testScripts.BaseClass.openApplication(BaseClass.java:52)
at java.base/java.util.ArrayList.forEach(ArrayList.java:1511)
... Removed 24 stack frames]]>
    </failure>
  </testcase> <!-- @BeforeClass openApplication -->
  <testcase classname="com.testScripts.BaseClass" name="@AfterClass teraDown" time="-1.653459249235E9">
    <skipped/>
  </testcase> <!-- @AfterClass teraDown -->
  <testcase classname="com.testScripts.BaseClass" name="@BeforeClass openApplication" time="0.003">
    <failure type="java.lang.IllegalStateException" message="The path to the driver executable must be set by the webdriver.edge.driver system property; for more information, see https://github.com/SeleniumHQ/selenium/wiki/MicrosoftWebDriver. The latest version can be downloaded from http://go.microsoft.com/fwlink/?LinkId=619687">
      <![CDATA[java.lang.IllegalStateException: The path to the driver executable must be set by the webdriver.edge.driver system property; for more information, see https://github.com/SeleniumHQ/selenium/wiki/MicrosoftWebDriver. The latest version can be downloaded from http://go.microsoft.com/fwlink/?LinkId=619687
at com.google.common.base.Preconditions.checkState(Preconditions.java:847)
at org.openqa.selenium.remote.service.DriverService.findExecutable(DriverService.java:134)
at org.openqa.selenium.edge.EdgeDriverService.access$000(EdgeDriverService.java:37)
at org.openqa.selenium.edge.EdgeDriverService$Builder.findDefaultExecutable(EdgeDriverService.java:90)
at org.openqa.selenium.remote.service.DriverService$Builder.build(DriverService.java:355)
at org.openqa.selenium.edge.EdgeDriverService.createDefaultService(EdgeDriverService.java:70)
at org.openqa.selenium.edge.EdgeDriver.<init>(EdgeDriver.java:96)
at com.testScripts.BaseClass.openApplication(BaseClass.java:52)
at java.base/java.util.ArrayList.forEach(ArrayList.java:1511)
... Removed 24 stack frames]]>
    </failure>
  </testcase> <!-- @BeforeClass openApplication -->
  <testcase classname="com.testScripts.BaseClass" name="@AfterClass teraDown" time="-1.653459249241E9">
    <skipped/>
  </testcase> <!-- @AfterClass teraDown -->
  <testcase classname="com.testScripts.BaseClass" name="@BeforeClass openApplication" time="0.003">
    <failure type="java.lang.IllegalStateException" message="The path to the driver executable must be set by the webdriver.edge.driver system property; for more information, see https://github.com/SeleniumHQ/selenium/wiki/MicrosoftWebDriver. The latest version can be downloaded from http://go.microsoft.com/fwlink/?LinkId=619687">
      <![CDATA[java.lang.IllegalStateException: The path to the driver executable must be set by the webdriver.edge.driver system property; for more information, see https://github.com/SeleniumHQ/selenium/wiki/MicrosoftWebDriver. The latest version can be downloaded from http://go.microsoft.com/fwlink/?LinkId=619687
at com.google.common.base.Preconditions.checkState(Preconditions.java:847)
at org.openqa.selenium.remote.service.DriverService.findExecutable(DriverService.java:134)
at org.openqa.selenium.edge.EdgeDriverService.access$000(EdgeDriverService.java:37)
at org.openqa.selenium.edge.EdgeDriverService$Builder.findDefaultExecutable(EdgeDriverService.java:90)
at org.openqa.selenium.remote.service.DriverService$Builder.build(DriverService.java:355)
at org.openqa.selenium.edge.EdgeDriverService.createDefaultService(EdgeDriverService.java:70)
at org.openqa.selenium.edge.EdgeDriver.<init>(EdgeDriver.java:96)
at com.testScripts.BaseClass.openApplication(BaseClass.java:52)
at java.base/java.util.ArrayList.forEach(ArrayList.java:1511)
... Removed 24 stack frames]]>
    </failure>
  </testcase> <!-- @BeforeClass openApplication -->
  <testcase classname="com.testScripts.BaseClass" name="@AfterClass teraDown" time="-1.653459249249E9">
    <skipped/>
  </testcase> <!-- @AfterClass teraDown -->
  <testcase classname="com.testScripts.BaseClass" name="@BeforeClass openApplication" time="0.004">
    <failure type="java.lang.IllegalStateException" message="The path to the driver executable must be set by the webdriver.edge.driver system property; for more information, see https://github.com/SeleniumHQ/selenium/wiki/MicrosoftWebDriver. The latest version can be downloaded from http://go.microsoft.com/fwlink/?LinkId=619687">
      <![CDATA[java.lang.IllegalStateException: The path to the driver executable must be set by the webdriver.edge.driver system property; for more information, see https://github.com/SeleniumHQ/selenium/wiki/MicrosoftWebDriver. The latest version can be downloaded from http://go.microsoft.com/fwlink/?LinkId=619687
at com.google.common.base.Preconditions.checkState(Preconditions.java:847)
at org.openqa.selenium.remote.service.DriverService.findExecutable(DriverService.java:134)
at org.openqa.selenium.edge.EdgeDriverService.access$000(EdgeDriverService.java:37)
at org.openqa.selenium.edge.EdgeDriverService$Builder.findDefaultExecutable(EdgeDriverService.java:90)
at org.openqa.selenium.remote.service.DriverService$Builder.build(DriverService.java:355)
at org.openqa.selenium.edge.EdgeDriverService.createDefaultService(EdgeDriverService.java:70)
at org.openqa.selenium.edge.EdgeDriver.<init>(EdgeDriver.java:96)
at com.testScripts.BaseClass.openApplication(BaseClass.java:52)
at java.base/java.util.ArrayList.forEach(ArrayList.java:1511)
... Removed 24 stack frames]]>
    </failure>
  </testcase> <!-- @BeforeClass openApplication -->
  <testcase classname="com.testScripts.BaseClass" name="@AfterClass teraDown" time="-1.653459249258E9">
    <skipped/>
  </testcase> <!-- @AfterClass teraDown -->
  <testcase classname="com.testScripts.BaseClass" name="@BeforeClass openApplication" time="0.002">
    <failure type="java.lang.IllegalStateException" message="The path to the driver executable must be set by the webdriver.edge.driver system property; for more information, see https://github.com/SeleniumHQ/selenium/wiki/MicrosoftWebDriver. The latest version can be downloaded from http://go.microsoft.com/fwlink/?LinkId=619687">
      <![CDATA[java.lang.IllegalStateException: The path to the driver executable must be set by the webdriver.edge.driver system property; for more information, see https://github.com/SeleniumHQ/selenium/wiki/MicrosoftWebDriver. The latest version can be downloaded from http://go.microsoft.com/fwlink/?LinkId=619687
at com.google.common.base.Preconditions.checkState(Preconditions.java:847)
at org.openqa.selenium.remote.service.DriverService.findExecutable(DriverService.java:134)
at org.openqa.selenium.edge.EdgeDriverService.access$000(EdgeDriverService.java:37)
at org.openqa.selenium.edge.EdgeDriverService$Builder.findDefaultExecutable(EdgeDriverService.java:90)
at org.openqa.selenium.remote.service.DriverService$Builder.build(DriverService.java:355)
at org.openqa.selenium.edge.EdgeDriverService.createDefaultService(EdgeDriverService.java:70)
at org.openqa.selenium.edge.EdgeDriver.<init>(EdgeDriver.java:96)
at com.testScripts.BaseClass.openApplication(BaseClass.java:52)
at java.base/java.util.ArrayList.forEach(ArrayList.java:1511)
... Removed 24 stack frames]]>
    </failure>
  </testcase> <!-- @BeforeClass openApplication -->
  <testcase classname="com.testScripts.BaseClass" name="@AfterClass teraDown" time="-1.653459249264E9">
    <skipped/>
  </testcase> <!-- @AfterClass teraDown -->
  <testcase classname="com.testScripts.Tc_10_ContractNumberPage" name="contractNumberPage" time="0.0">
    <skipped/>
  </testcase> <!-- contractNumberPage -->
  <testcase classname="com.testScripts.Tc_11_ProjectPage" name="projectPage" time="0.0">
    <skipped/>
  </testcase> <!-- projectPage -->
  <testcase classname="com.testScripts.Tc_12_ManageCORPage" name="manageCORPage" time="0.0">
    <skipped/>
  </testcase> <!-- manageCORPage -->
  <testcase classname="com.testScripts.Tc_1_LoginPage" name="loginButton" time="0.0">
    <skipped/>
  </testcase> <!-- loginButton -->
  <testcase classname="com.testScripts.Tc_2_LoginTest2" name="invalidData" time="0.0">
    <skipped/>
  </testcase> <!-- invalidData -->
  <testcase classname="com.testScripts.Tc_3_HomepageHeader" name="Link1" time="0.0">
    <skipped/>
  </testcase> <!-- Link1 -->
  <testcase classname="com.testScripts.Tc_4_ManageUserPageFunctions" name="ManageUserPageFunctions" time="0.0">
    <skipped/>
  </testcase> <!-- ManageUserPageFunctions -->
  <testcase classname="com.testScripts.Tc_6_AddUserFunctions" name="addUserPage" time="0.0">
    <skipped/>
  </testcase> <!-- addUserPage -->
  <testcase classname="com.testScripts.Tc_7_TaskOrderForm" name="taskOrderFunctions" time="0.0">
    <skipped/>
  </testcase> <!-- taskOrderFunctions -->
  <testcase classname="com.testScripts.Tc_8_PrimeContractorPage" name="primeContractorPageObj" time="0.0">
    <skipped/>
  </testcase> <!-- primeContractorPageObj -->
  <testcase classname="com.testScripts.Tc_9_OrganizationPage" name="taskOrderFunctions" time="0.0">
    <skipped/>
  </testcase> <!-- taskOrderFunctions -->
  <testcase classname="com.testScripts.Tc_HomePageManageUser" name="homePage" time="0.0">
    <skipped/>
  </testcase> <!-- homePage -->
  <testcase classname="com.testScripts.Tc_LinksAddUserPage" name="links" time="0.0">
    <skipped/>
  </testcase> <!-- links -->
  <testcase classname="com.testScripts.Tc_LinksHomePage" name="linksOnHomePage" time="0.0">
    <skipped/>
  </testcase> <!-- linksOnHomePage -->
  <testcase classname="com.testScripts.Tc_LinksManageUserEditUserPage" name="links" time="0.0">
    <skipped/>
  </testcase> <!-- links -->
  <testcase classname="com.testScripts.Tc_LinksManageUserPermissionPage" name="links" time="0.0">
    <skipped/>
  </testcase> <!-- links -->
  <testcase classname="com.testScripts.Tc_LinksMangeUserPage" name="links" time="0.0">
    <skipped/>
  </testcase> <!-- links -->
  <testcase classname="com.testScripts.Tc_LinksTaskOrderPage" name="links" time="0.0">
    <skipped/>
  </testcase> <!-- links -->
  <testcase classname="com.testScripts.Tc_LoginLinks" name="linksOnLoginPage" time="0.0">
    <skipped/>
  </testcase> <!-- linksOnLoginPage -->
  <testcase classname="com.testScripts.Tc_LogoutTest" name="cancelButton" time="0.0">
    <skipped/>
  </testcase> <!-- cancelButton -->
  <testcase classname="com.testScripts.Tc_ManageUserDeletebtn" name="deleteAddUserFunction" time="0.0">
    <skipped/>
  </testcase> <!-- deleteAddUserFunction -->
  <testcase classname="com.testScripts.Tc_ManageUserFunction" name="showEntries" time="0.0">
    <skipped/>
  </testcase> <!-- showEntries -->
  <testcase classname="com.testScripts.Tc_ManageUserPage" name="manageUserFunctions" time="0.0">
    <skipped/>
  </testcase> <!-- manageUserFunctions -->
  <testcase classname="com.testScripts.Tc_ManageUserPage_2" name="addUserFunction" time="0.0">
    <skipped/>
  </testcase> <!-- addUserFunction -->
  <testcase classname="com.testScripts.Tc_ManageUserPage_3" name="addUserFunction" time="0.0">
    <skipped/>
  </testcase> <!-- addUserFunction -->
  <testcase classname="com.testScripts.Tc_ManageUserPage_4" name="addUserFunction" time="0.0">
    <skipped/>
  </testcase> <!-- addUserFunction -->
  <testcase classname="com.testScripts.Tc_PortalCSW" name="portalCSW" time="0.0">
    <skipped/>
  </testcase> <!-- portalCSW -->
  <testcase classname="com.testScripts.Tc_PortalGDS" name="portalGDS" time="0.0">
    <skipped/>
  </testcase> <!-- portalGDS -->
  <testcase classname="com.testScripts.Tc_PortalHiScheduling" name="portalHiScheduling" time="0.0">
    <skipped/>
  </testcase> <!-- portalHiScheduling -->
  <testcase classname="com.testScripts.Tc_PortalMDIS" name="portalMDIS" time="0.0">
    <skipped/>
  </testcase> <!-- portalMDIS -->
  <testcase classname="com.testScripts.Tc_PortalPIlsTeam" name="portalPilsTeam" time="0.0">
    <skipped/>
  </testcase> <!-- portalPilsTeam -->
  <testcase classname="com.testScripts.Tc_PortalTEAMKONIAGTravel" name="portalTEAMKONIAG" time="0.0">
    <skipped/>
  </testcase> <!-- portalTEAMKONIAG -->
</testsuite> <!-- Regression1 -->
